{"/home/guilherme/inventario-de-bens/services/calculardorItensService.js": {"path":"/home/guilherme/inventario-de-bens/services/calculardorItensService.js","statementMap":{"0":{"start":{"line":2,"column":30},"end":{"line":2,"column":53}},"1":{"start":{"line":3,"column":22},"end":{"line":3,"column":32}},"2":{"start":{"line":5,"column":8},"end":{"line":5,"column":69}},"3":{"start":{"line":6,"column":4},"end":{"line":6,"column":26}},"4":{"start":{"line":10,"column":4},"end":{"line":10,"column":38}},"5":{"start":{"line":14,"column":30},"end":{"line":14,"column":53}},"6":{"start":{"line":15,"column":22},"end":{"line":15,"column":32}},"7":{"start":{"line":17,"column":8},"end":{"line":17,"column":69}},"8":{"start":{"line":19,"column":4},"end":{"line":21,"column":5}},"9":{"start":{"line":20,"column":8},"end":{"line":20,"column":17}},"10":{"start":{"line":23,"column":4},"end":{"line":23,"column":30}},"11":{"start":{"line":27,"column":4},"end":{"line":29,"column":5}},"12":{"start":{"line":28,"column":8},"end":{"line":28,"column":17}},"13":{"start":{"line":30,"column":33},"end":{"line":30,"column":71}},"14":{"start":{"line":31,"column":4},"end":{"line":31,"column":32}},"15":{"start":{"line":35,"column":4},"end":{"line":37,"column":5}},"16":{"start":{"line":36,"column":8},"end":{"line":36,"column":17}},"17":{"start":{"line":38,"column":27},"end":{"line":38,"column":68}},"18":{"start":{"line":39,"column":4},"end":{"line":39,"column":54}},"19":{"start":{"line":43,"column":25},"end":{"line":43,"column":72}},"20":{"start":{"line":44,"column":4},"end":{"line":44,"column":24}},"21":{"start":{"line":48,"column":4},"end":{"line":50,"column":5}},"22":{"start":{"line":49,"column":8},"end":{"line":49,"column":17}},"23":{"start":{"line":52,"column":8},"end":{"line":52,"column":75}},"24":{"start":{"line":53,"column":4},"end":{"line":53,"column":15}},"25":{"start":{"line":56,"column":0},"end":{"line":64,"column":1}}},"fnMap":{"0":{"name":"calcularAnosDecorridos","decl":{"start":{"line":1,"column":9},"end":{"line":1,"column":31}},"loc":{"start":{"line":1,"column":47},"end":{"line":7,"column":1}},"line":1},"1":{"name":"calcularValorTotal","decl":{"start":{"line":9,"column":9},"end":{"line":9,"column":27}},"loc":{"start":{"line":9,"column":55},"end":{"line":11,"column":1}},"line":9},"2":{"name":"calcularDepreciacaoAnual","decl":{"start":{"line":13,"column":9},"end":{"line":13,"column":33}},"loc":{"start":{"line":13,"column":49},"end":{"line":24,"column":1}},"line":13},"3":{"name":"calcularTaxaDepreciacaoAnual","decl":{"start":{"line":26,"column":9},"end":{"line":26,"column":37}},"loc":{"start":{"line":26,"column":69},"end":{"line":32,"column":1}},"line":26},"4":{"name":"calcularTaxaUtilizacao","decl":{"start":{"line":34,"column":9},"end":{"line":34,"column":31}},"loc":{"start":{"line":34,"column":66},"end":{"line":40,"column":1}},"line":34},"5":{"name":"calcularValorLiquido","decl":{"start":{"line":42,"column":9},"end":{"line":42,"column":29}},"loc":{"start":{"line":42,"column":77},"end":{"line":45,"column":1}},"line":42},"6":{"name":"calcularROI","decl":{"start":{"line":47,"column":9},"end":{"line":47,"column":20}},"loc":{"start":{"line":47,"column":62},"end":{"line":54,"column":1}},"line":47}},"branchMap":{"0":{"loc":{"start":{"line":19,"column":4},"end":{"line":21,"column":5}},"type":"if","locations":[{"start":{"line":19,"column":4},"end":{"line":21,"column":5}},{"start":{},"end":{}}],"line":19},"1":{"loc":{"start":{"line":19,"column":8},"end":{"line":19,"column":52}},"type":"binary-expr","locations":[{"start":{"line":19,"column":8},"end":{"line":19,"column":29}},{"start":{"line":19,"column":33},"end":{"line":19,"column":52}}],"line":19},"2":{"loc":{"start":{"line":27,"column":4},"end":{"line":29,"column":5}},"type":"if","locations":[{"start":{"line":27,"column":4},"end":{"line":29,"column":5}},{"start":{},"end":{}}],"line":27},"3":{"loc":{"start":{"line":35,"column":4},"end":{"line":37,"column":5}},"type":"if","locations":[{"start":{"line":35,"column":4},"end":{"line":37,"column":5}},{"start":{},"end":{}}],"line":35},"4":{"loc":{"start":{"line":39,"column":11},"end":{"line":39,"column":53}},"type":"cond-expr","locations":[{"start":{"line":39,"column":35},"end":{"line":39,"column":36}},{"start":{"line":39,"column":39},"end":{"line":39,"column":53}}],"line":39},"5":{"loc":{"start":{"line":48,"column":4},"end":{"line":50,"column":5}},"type":"if","locations":[{"start":{"line":48,"column":4},"end":{"line":50,"column":5}},{"start":{},"end":{}}],"line":48}},"s":{"0":2,"1":2,"2":2,"3":2,"4":2,"5":0,"6":0,"7":0,"8":0,"9":0,"10":0,"11":4,"12":2,"13":2,"14":2,"15":4,"16":2,"17":2,"18":2,"19":2,"20":2,"21":4,"22":2,"23":2,"24":2,"25":1},"f":{"0":2,"1":2,"2":0,"3":4,"4":4,"5":2,"6":4},"b":{"0":[0,0],"1":[0,0],"2":[2,2],"3":[2,2],"4":[0,2],"5":[2,2]},"_coverageSchema":"1a1c01bbd47fc00a2c39e90264f33305004495a9","hash":"757e5db86507cc7c3b91f87d0942b1eaf4fdb9f9"}
}
