TN:
SF:services/calculardorItensService.js
FN:1,calcularAnosDecorridos
FN:9,calcularValorTotal
FN:13,calcularDepreciacaoAnual
FN:26,calcularTaxaDepreciacaoAnual
FN:34,calcularTaxaUtilizacao
FN:42,calcularValorLiquido
FN:47,calcularROI
FNF:7
FNH:6
FNDA:2,calcularAnosDecorridos
FNDA:2,calcularValorTotal
FNDA:0,calcularDepreciacaoAnual
FNDA:4,calcularTaxaDepreciacaoAnual
FNDA:4,calcularTaxaUtilizacao
FNDA:2,calcularValorLiquido
FNDA:4,calcularROI
DA:2,2
DA:3,2
DA:5,2
DA:6,2
DA:10,2
DA:14,0
DA:15,0
DA:17,0
DA:19,0
DA:20,0
DA:23,0
DA:27,4
DA:28,2
DA:30,2
DA:31,2
DA:35,4
DA:36,2
DA:38,2
DA:39,2
DA:43,2
DA:44,2
DA:48,4
DA:49,2
DA:52,2
DA:53,2
DA:56,1
LF:26
LH:20
BRDA:19,0,0,0
BRDA:19,0,1,0
BRDA:19,1,0,0
BRDA:19,1,1,0
BRDA:27,2,0,2
BRDA:27,2,1,2
BRDA:35,3,0,2
BRDA:35,3,1,2
BRDA:39,4,0,0
BRDA:39,4,1,2
BRDA:48,5,0,2
BRDA:48,5,1,2
BRF:12
BRH:7
end_of_record
